2024-07-11 01:38:58.047 [ SpringApplicationShutdownHook ] - [ INFO  ] [ com.alibaba.druid.pool.DruidDataSource : 2063 ] - {dataSource-1} closing ...
2024-07-11 01:38:58.071 [ SpringApplicationShutdownHook ] - [ INFO  ] [ com.alibaba.druid.pool.DruidDataSource : 2136 ] - {dataSource-1} closed
2024-07-11 02:03:54.736 [ main ] - [ INFO  ] [ com.gk.study.MySpringApplication : 55 ] - Starting MySpringApplication using Java 17.0.10 on RanChen with PID 26944 (C:\Users\13925\Desktop\java_shop\server\target\classes started by 13925 in C:\Users\13925\Desktop\java_shop)
2024-07-11 02:03:54.740 [ main ] - [ INFO  ] [ com.gk.study.MySpringApplication : 659 ] - No active profile set, falling back to default profiles: default
2024-07-11 02:03:56.189 [ main ] - [ INFO  ] [ org.apache.coyote.http11.Http11NioProtocol : 173 ] - Initializing ProtocolHandler ["http-nio-9100"]
2024-07-11 02:03:56.190 [ main ] - [ INFO  ] [ org.apache.catalina.core.StandardService : 173 ] - Starting service [Tomcat]
2024-07-11 02:03:56.191 [ main ] - [ INFO  ] [ org.apache.catalina.core.StandardEngine : 173 ] - Starting Servlet engine: [Apache Tomcat/9.0.53]
2024-07-11 02:03:56.303 [ main ] - [ INFO  ] [ o.a.c.c.ContainerBase.[Tomcat].[localhost].[/api] : 173 ] - Initializing Spring embedded WebApplicationContext
2024-07-11 02:03:56.496 [ main ] - [ INFO  ] [ c.a.d.s.b.a.DruidDataSourceAutoConfigure : 56 ] - Init DruidDataSource
2024-07-11 02:03:57.528 [ main ] - [ INFO  ] [ com.alibaba.druid.pool.DruidDataSource : 975 ] - {dataSource-1} inited
2024-07-11 02:03:57.872 [ main ] - [ WARN  ] [ c.b.mybatisplus.core.metadata.TableInfoHelper : 342 ] - Can not find table primary key in Class: "java.lang.Object".
2024-07-11 02:03:57.873 [ main ] - [ WARN  ] [ c.b.mybatisplus.core.injector.DefaultSqlInjector : 56 ] - class java.lang.Object ,Not found @TableId annotation, Cannot use Mybatis-Plus 'xxById' Method.
2024-07-11 02:03:58.883 [ main ] - [ INFO  ] [ org.apache.coyote.http11.Http11NioProtocol : 173 ] - Starting ProtocolHandler ["http-nio-9100"]
2024-07-11 02:03:58.921 [ main ] - [ INFO  ] [ com.gk.study.MySpringApplication : 61 ] - Started MySpringApplication in 4.677 seconds (JVM running for 5.556)
2024-07-11 02:04:42.951 [ http-nio-9100-exec-1 ] - [ INFO  ] [ o.a.c.c.ContainerBase.[Tomcat].[localhost].[/api] : 173 ] - Initializing Spring DispatcherServlet 'dispatcherServlet'
2024-07-11 02:04:43.237 [ http-nio-9100-exec-7 ] - [ WARN  ] [ c.b.m.core.toolkit.support.ReflectLambdaMeta : 41 ] - Unable to make field private final java.lang.Class java.lang.invoke.SerializedLambda.capturingClass accessible: module java.base does not "opens java.lang.invoke" to unnamed module @56620197
2024-07-11 03:28:41.767 [ http-nio-9100-exec-6 ] - [ INFO  ] [ com.gk.study.interceptor.AccessInterceptor : 74 ] - token==>f159053ec4a0e4a0e3c66cfd7c254853
2024-07-11 04:04:12.472 [ SpringApplicationShutdownHook ] - [ INFO  ] [ com.alibaba.druid.pool.DruidDataSource : 2063 ] - {dataSource-1} closing ...
2024-07-11 04:04:12.483 [ SpringApplicationShutdownHook ] - [ INFO  ] [ com.alibaba.druid.pool.DruidDataSource : 2136 ] - {dataSource-1} closed
2024-07-11 09:54:32.009 [ main ] - [ INFO  ] [ com.gk.study.MySpringApplication : 55 ] - Starting MySpringApplication using Java 17.0.10 on RanChen with PID 23964 (C:\Users\13925\Desktop\java_shop\server\target\classes started by 13925 in C:\Users\13925\Desktop\java_shop)
2024-07-11 09:54:32.012 [ main ] - [ INFO  ] [ com.gk.study.MySpringApplication : 659 ] - No active profile set, falling back to default profiles: default
2024-07-11 09:54:33.065 [ main ] - [ INFO  ] [ org.apache.coyote.http11.Http11NioProtocol : 173 ] - Initializing ProtocolHandler ["http-nio-9100"]
2024-07-11 09:54:33.065 [ main ] - [ INFO  ] [ org.apache.catalina.core.StandardService : 173 ] - Starting service [Tomcat]
2024-07-11 09:54:33.066 [ main ] - [ INFO  ] [ org.apache.catalina.core.StandardEngine : 173 ] - Starting Servlet engine: [Apache Tomcat/9.0.53]
2024-07-11 09:54:33.155 [ main ] - [ INFO  ] [ o.a.c.c.ContainerBase.[Tomcat].[localhost].[/api] : 173 ] - Initializing Spring embedded WebApplicationContext
2024-07-11 09:54:33.258 [ main ] - [ INFO  ] [ c.a.d.s.b.a.DruidDataSourceAutoConfigure : 56 ] - Init DruidDataSource
2024-07-11 09:54:33.950 [ main ] - [ INFO  ] [ com.alibaba.druid.pool.DruidDataSource : 975 ] - {dataSource-1} inited
2024-07-11 09:54:34.177 [ main ] - [ WARN  ] [ c.b.mybatisplus.core.metadata.TableInfoHelper : 342 ] - Can not find table primary key in Class: "java.lang.Object".
2024-07-11 09:54:34.178 [ main ] - [ WARN  ] [ c.b.mybatisplus.core.injector.DefaultSqlInjector : 56 ] - class java.lang.Object ,Not found @TableId annotation, Cannot use Mybatis-Plus 'xxById' Method.
2024-07-11 09:54:34.846 [ main ] - [ INFO  ] [ org.apache.coyote.http11.Http11NioProtocol : 173 ] - Starting ProtocolHandler ["http-nio-9100"]
2024-07-11 09:54:34.876 [ main ] - [ INFO  ] [ com.gk.study.MySpringApplication : 61 ] - Started MySpringApplication in 3.312 seconds (JVM running for 4.035)
2024-07-11 09:54:39.104 [ http-nio-9100-exec-3 ] - [ INFO  ] [ o.a.c.c.ContainerBase.[Tomcat].[localhost].[/api] : 173 ] - Initializing Spring DispatcherServlet 'dispatcherServlet'
2024-07-11 09:54:39.391 [ http-nio-9100-exec-10 ] - [ WARN  ] [ c.b.m.core.toolkit.support.ReflectLambdaMeta : 41 ] - Unable to make field private final java.lang.Class java.lang.invoke.SerializedLambda.capturingClass accessible: module java.base does not "opens java.lang.invoke" to unnamed module @56620197
2024-07-11 10:02:43.972 [ SpringApplicationShutdownHook ] - [ INFO  ] [ com.alibaba.druid.pool.DruidDataSource : 2063 ] - {dataSource-1} closing ...
2024-07-11 10:02:43.977 [ SpringApplicationShutdownHook ] - [ INFO  ] [ com.alibaba.druid.pool.DruidDataSource : 2136 ] - {dataSource-1} closed
2024-07-11 10:23:27.874 [ main ] - [ INFO  ] [ com.gk.study.MySpringApplication : 55 ] - Starting MySpringApplication using Java 17.0.10 on RanChen with PID 10260 (C:\Users\13925\Desktop\java_shop\server\target\classes started by 13925 in C:\Users\13925\Desktop\java_shop)
2024-07-11 10:23:27.880 [ main ] - [ INFO  ] [ com.gk.study.MySpringApplication : 659 ] - No active profile set, falling back to default profiles: default
2024-07-11 10:23:29.024 [ main ] - [ INFO  ] [ org.apache.coyote.http11.Http11NioProtocol : 173 ] - Initializing ProtocolHandler ["http-nio-9100"]
2024-07-11 10:23:29.025 [ main ] - [ INFO  ] [ org.apache.catalina.core.StandardService : 173 ] - Starting service [Tomcat]
2024-07-11 10:23:29.026 [ main ] - [ INFO  ] [ org.apache.catalina.core.StandardEngine : 173 ] - Starting Servlet engine: [Apache Tomcat/9.0.53]
2024-07-11 10:23:29.118 [ main ] - [ INFO  ] [ o.a.c.c.ContainerBase.[Tomcat].[localhost].[/api] : 173 ] - Initializing Spring embedded WebApplicationContext
2024-07-11 10:23:29.229 [ main ] - [ INFO  ] [ c.a.d.s.b.a.DruidDataSourceAutoConfigure : 56 ] - Init DruidDataSource
2024-07-11 10:23:29.923 [ main ] - [ INFO  ] [ com.alibaba.druid.pool.DruidDataSource : 975 ] - {dataSource-1} inited
2024-07-11 10:23:30.182 [ main ] - [ WARN  ] [ c.b.mybatisplus.core.metadata.TableInfoHelper : 342 ] - Can not find table primary key in Class: "java.lang.Object".
2024-07-11 10:23:30.183 [ main ] - [ WARN  ] [ c.b.mybatisplus.core.injector.DefaultSqlInjector : 56 ] - class java.lang.Object ,Not found @TableId annotation, Cannot use Mybatis-Plus 'xxById' Method.
2024-07-11 10:23:30.947 [ main ] - [ INFO  ] [ org.apache.coyote.http11.Http11NioProtocol : 173 ] - Starting ProtocolHandler ["http-nio-9100"]
2024-07-11 10:23:30.980 [ main ] - [ INFO  ] [ com.gk.study.MySpringApplication : 61 ] - Started MySpringApplication in 3.624 seconds (JVM running for 4.295)
2024-07-11 10:24:15.486 [ http-nio-9100-exec-2 ] - [ INFO  ] [ o.a.c.c.ContainerBase.[Tomcat].[localhost].[/api] : 173 ] - Initializing Spring DispatcherServlet 'dispatcherServlet'
2024-07-11 10:24:15.626 [ http-nio-9100-exec-3 ] - [ WARN  ] [ c.b.m.core.toolkit.support.ReflectLambdaMeta : 41 ] - Unable to make field private final java.lang.Class java.lang.invoke.SerializedLambda.capturingClass accessible: module java.base does not "opens java.lang.invoke" to unnamed module @56620197
2024-07-11 10:42:09.681 [ SpringApplicationShutdownHook ] - [ INFO  ] [ com.alibaba.druid.pool.DruidDataSource : 2063 ] - {dataSource-1} closing ...
2024-07-11 10:42:09.690 [ SpringApplicationShutdownHook ] - [ INFO  ] [ com.alibaba.druid.pool.DruidDataSource : 2136 ] - {dataSource-1} closed
2024-07-11 13:49:25.185 [ main ] - [ INFO  ] [ com.gk.study.MySpringApplication : 55 ] - Starting MySpringApplication using Java 17.0.10 on RanChen with PID 33056 (C:\Users\13925\Desktop\java_shop\server\target\classes started by 13925 in C:\Users\13925\Desktop\java_shop)
2024-07-11 13:49:25.189 [ main ] - [ INFO  ] [ com.gk.study.MySpringApplication : 659 ] - No active profile set, falling back to default profiles: default
2024-07-11 13:49:26.226 [ main ] - [ INFO  ] [ org.apache.coyote.http11.Http11NioProtocol : 173 ] - Initializing ProtocolHandler ["http-nio-9100"]
2024-07-11 13:49:26.226 [ main ] - [ INFO  ] [ org.apache.catalina.core.StandardService : 173 ] - Starting service [Tomcat]
2024-07-11 13:49:26.227 [ main ] - [ INFO  ] [ org.apache.catalina.core.StandardEngine : 173 ] - Starting Servlet engine: [Apache Tomcat/9.0.53]
2024-07-11 13:49:26.366 [ main ] - [ INFO  ] [ o.a.c.c.ContainerBase.[Tomcat].[localhost].[/api] : 173 ] - Initializing Spring embedded WebApplicationContext
2024-07-11 13:49:26.474 [ main ] - [ INFO  ] [ c.a.d.s.b.a.DruidDataSourceAutoConfigure : 56 ] - Init DruidDataSource
2024-07-11 13:49:27.067 [ main ] - [ INFO  ] [ com.alibaba.druid.pool.DruidDataSource : 975 ] - {dataSource-1} inited
2024-07-11 13:49:27.316 [ main ] - [ WARN  ] [ c.b.mybatisplus.core.metadata.TableInfoHelper : 342 ] - Can not find table primary key in Class: "java.lang.Object".
2024-07-11 13:49:27.316 [ main ] - [ WARN  ] [ c.b.mybatisplus.core.injector.DefaultSqlInjector : 56 ] - class java.lang.Object ,Not found @TableId annotation, Cannot use Mybatis-Plus 'xxById' Method.
2024-07-11 13:49:28.070 [ main ] - [ INFO  ] [ org.apache.coyote.http11.Http11NioProtocol : 173 ] - Starting ProtocolHandler ["http-nio-9100"]
2024-07-11 13:49:28.099 [ main ] - [ INFO  ] [ com.gk.study.MySpringApplication : 61 ] - Started MySpringApplication in 3.397 seconds (JVM running for 4.095)
2024-07-11 13:50:34.459 [ http-nio-9100-exec-3 ] - [ INFO  ] [ o.a.c.c.ContainerBase.[Tomcat].[localhost].[/api] : 173 ] - Initializing Spring DispatcherServlet 'dispatcherServlet'
2024-07-11 13:50:34.724 [ http-nio-9100-exec-8 ] - [ WARN  ] [ c.b.m.core.toolkit.support.ReflectLambdaMeta : 41 ] - Unable to make field private final java.lang.Class java.lang.invoke.SerializedLambda.capturingClass accessible: module java.base does not "opens java.lang.invoke" to unnamed module @56620197
2024-07-11 14:10:52.202 [ SpringApplicationShutdownHook ] - [ INFO  ] [ com.alibaba.druid.pool.DruidDataSource : 2063 ] - {dataSource-1} closing ...
2024-07-11 14:10:52.206 [ SpringApplicationShutdownHook ] - [ INFO  ] [ com.alibaba.druid.pool.DruidDataSource : 2136 ] - {dataSource-1} closed
2024-07-11 14:17:30.194 [ main ] - [ INFO  ] [ com.gk.study.MySpringApplication : 55 ] - Starting MySpringApplication using Java 17.0.10 on RanChen with PID 27240 (C:\Users\13925\Desktop\java_shop\server\target\classes started by 13925 in C:\Users\13925\Desktop\java_shop)
2024-07-11 14:17:30.199 [ main ] - [ INFO  ] [ com.gk.study.MySpringApplication : 659 ] - No active profile set, falling back to default profiles: default
2024-07-11 14:17:31.235 [ main ] - [ INFO  ] [ org.apache.coyote.http11.Http11NioProtocol : 173 ] - Initializing ProtocolHandler ["http-nio-9100"]
2024-07-11 14:17:31.236 [ main ] - [ INFO  ] [ org.apache.catalina.core.StandardService : 173 ] - Starting service [Tomcat]
2024-07-11 14:17:31.236 [ main ] - [ INFO  ] [ org.apache.catalina.core.StandardEngine : 173 ] - Starting Servlet engine: [Apache Tomcat/9.0.53]
2024-07-11 14:17:31.320 [ main ] - [ INFO  ] [ o.a.c.c.ContainerBase.[Tomcat].[localhost].[/api] : 173 ] - Initializing Spring embedded WebApplicationContext
2024-07-11 14:17:31.432 [ main ] - [ INFO  ] [ c.a.d.s.b.a.DruidDataSourceAutoConfigure : 56 ] - Init DruidDataSource
2024-07-11 14:17:32.034 [ main ] - [ INFO  ] [ com.alibaba.druid.pool.DruidDataSource : 975 ] - {dataSource-1} inited
2024-07-11 14:17:32.264 [ main ] - [ WARN  ] [ c.b.mybatisplus.core.metadata.TableInfoHelper : 342 ] - Can not find table primary key in Class: "java.lang.Object".
2024-07-11 14:17:32.265 [ main ] - [ WARN  ] [ c.b.mybatisplus.core.injector.DefaultSqlInjector : 56 ] - class java.lang.Object ,Not found @TableId annotation, Cannot use Mybatis-Plus 'xxById' Method.
2024-07-11 14:17:33.233 [ main ] - [ INFO  ] [ org.apache.coyote.http11.Http11NioProtocol : 173 ] - Starting ProtocolHandler ["http-nio-9100"]
2024-07-11 14:17:33.273 [ main ] - [ INFO  ] [ com.gk.study.MySpringApplication : 61 ] - Started MySpringApplication in 3.502 seconds (JVM running for 4.203)
2024-07-11 14:18:40.106 [ http-nio-9100-exec-2 ] - [ INFO  ] [ o.a.c.c.ContainerBase.[Tomcat].[localhost].[/api] : 173 ] - Initializing Spring DispatcherServlet 'dispatcherServlet'
2024-07-11 14:18:40.364 [ http-nio-9100-exec-10 ] - [ WARN  ] [ c.b.m.core.toolkit.support.ReflectLambdaMeta : 41 ] - Unable to make field private final java.lang.Class java.lang.invoke.SerializedLambda.capturingClass accessible: module java.base does not "opens java.lang.invoke" to unnamed module @56620197
2024-07-11 14:43:52.614 [ http-nio-9100-exec-2 ] - [ INFO  ] [ com.gk.study.interceptor.AccessInterceptor : 74 ] - token==>f159053ec4a0e4a0e3c66cfd7c254853
2024-07-11 14:44:48.421 [ http-nio-9100-exec-2 ] - [ INFO  ] [ com.gk.study.interceptor.AccessInterceptor : 74 ] - token==>f159053ec4a0e4a0e3c66cfd7c254853
2024-07-11 14:50:25.262 [ SpringApplicationShutdownHook ] - [ INFO  ] [ com.alibaba.druid.pool.DruidDataSource : 2063 ] - {dataSource-1} closing ...
2024-07-11 14:50:25.268 [ SpringApplicationShutdownHook ] - [ INFO  ] [ com.alibaba.druid.pool.DruidDataSource : 2136 ] - {dataSource-1} closed
